============================= test session starts ==============================
platform darwin -- Python 3.14.3, pytest-9.0.2, pluggy-1.6.0 -- /opt/homebrew/opt/python@3.14/bin/python3.14
cachedir: .pytest_cache
rootdir: /Users/meharban/Projects/Autonmous_Factory/robotic_digital_twin_simulation/python
configfile: pytest.ini
plugins: anyio-4.12.1, playwright-0.7.2, asyncio-1.3.0, base-url-2.1.0
asyncio: mode=Mode.AUTO, debug=False, asyncio_default_fixture_loop_scope=None, asyncio_default_test_loop_scope=function
collecting ... collected 39 items

python/tests/test_config.py::TestWarehouseConfig::test_load_simple_grid_returns_dict PASSED [  2%]
python/tests/test_config.py::TestWarehouseConfig::test_warehouse_has_required_keys PASSED [  5%]
python/tests/test_config.py::TestWarehouseConfig::test_warehouse_name PASSED [  7%]
python/tests/test_config.py::TestWarehouseConfig::test_warehouse_has_25_nodes PASSED [ 10%]
python/tests/test_config.py::TestWarehouseConfig::test_warehouse_has_40_edges PASSED [ 12%]
python/tests/test_config.py::TestWarehouseConfig::test_warehouse_has_3_zones PASSED [ 15%]
python/tests/test_config.py::TestWarehouseConfig::test_zone_names PASSED [ 17%]
python/tests/test_config.py::TestWarehouseConfig::test_nodes_have_required_fields PASSED [ 20%]
python/tests/test_config.py::TestWarehouseConfig::test_edges_have_required_fields PASSED [ 23%]
python/tests/test_config.py::TestWarehouseConfig::test_dock_nodes_exist PASSED [ 25%]
python/tests/test_config.py::TestWarehouseConfig::test_hub_node_at_center PASSED [ 28%]
python/tests/test_config.py::TestWarehouseConfig::test_nonexistent_warehouse_raises PASSED [ 30%]
python/tests/test_config.py::TestRobotConfig::test_load_differential_drive_returns_dict PASSED [ 33%]
python/tests/test_config.py::TestRobotConfig::test_robot_has_motion_section PASSED [ 35%]
python/tests/test_config.py::TestRobotConfig::test_robot_has_battery_section PASSED [ 38%]
python/tests/test_config.py::TestRobotConfig::test_robot_has_sensors_section PASSED [ 41%]
python/tests/test_config.py::TestRobotConfig::test_robot_has_mpc_section PASSED [ 43%]
python/tests/test_config.py::TestRobotConfig::test_robot_name PASSED     [ 46%]
python/tests/test_config.py::TestRobotConfig::test_robot_type PASSED     [ 48%]
python/tests/test_config.py::TestRobotConfig::test_motion_max_velocity PASSED [ 51%]
python/tests/test_config.py::TestRobotConfig::test_battery_charge_duration PASSED [ 53%]
python/tests/test_config.py::TestRobotConfig::test_battery_discharge_duration PASSED [ 56%]
python/tests/test_config.py::TestRobotConfig::test_battery_critical_threshold PASSED [ 58%]
python/tests/test_config.py::TestRobotConfig::test_obstacle_thresholds PASSED [ 61%]
python/tests/test_config.py::TestRobotConfig::test_mpc_opt_vars PASSED   [ 64%]
python/tests/test_config.py::TestRobotConfig::test_lidar_config PASSED   [ 66%]
python/tests/test_config.py::TestRobotConfig::test_action_codes PASSED   [ 69%]
python/tests/test_config.py::TestRobotConfig::test_nonexistent_robot_raises PASSED [ 71%]
python/tests/test_health.py::test_health_returns_all_8_fields PASSED     [ 74%]
python/tests/test_health.py::test_health_fields_are_correct_types PASSED [ 76%]
python/tests/test_health.py::test_health_mongodb_true_when_running PASSED [ 79%]
python/tests/test_health.py::test_health_redis_true_when_running PASSED  [ 82%]
python/tests/test_health.py::test_health_influxdb_true_when_running PASSED [ 84%]
python/tests/test_health.py::test_health_configs_loaded PASSED           [ 87%]
python/tests/test_health.py::test_health_duration_is_positive PASSED     [ 89%]
python/tests/test_health.py::test_health_status_healthy_when_all_up PASSED [ 92%]
python/tests/test_health.py::test_health_mongodb_false_when_wrong_port PASSED [ 94%]
python/tests/test_health.py::test_health_degraded_when_mongodb_down PASSED [ 97%]
python/tests/test_health.py::test_root_endpoint PASSED                   [100%]

============================== 39 passed in 6.63s ==============================
